Analysis & Synthesis report for int_thunderbird
Tue Oct 25 13:11:49 2022
Quartus Prime Version 16.0.0 Build 211 04/27/2016 SJ Lite Edition


---------------------
; Table of Contents ;
---------------------
  1. Legal Notice
  2. Analysis & Synthesis Summary
  3. Analysis & Synthesis Settings
  4. Parallel Compilation
  5. Analysis & Synthesis Source Files Read
  6. Analysis & Synthesis Resource Usage Summary
  7. Analysis & Synthesis Resource Utilization by Entity
  8. State Machine - |int_thunderbird|estado
  9. General Register Statistics
 10. Multiplexer Restructuring Statistics (Restructuring Performed)
 11. Post-Synthesis Netlist Statistics for Top Partition
 12. Elapsed Time Per Partition
 13. Analysis & Synthesis Messages



----------------
; Legal Notice ;
----------------
Copyright (C) 1991-2016 Altera Corporation. All rights reserved.
Your use of Altera Corporation's design tools, logic functions 
and other software and tools, and its AMPP partner logic 
functions, and any output files from any of the foregoing 
(including device programming or simulation files), and any 
associated documentation or information are expressly subject 
to the terms and conditions of the Altera Program License 
Subscription Agreement, the Altera Quartus Prime License Agreement,
the Altera MegaCore Function License Agreement, or other 
applicable license agreement, including, without limitation, 
that your use is for the sole purpose of programming logic 
devices manufactured by Altera and sold by Altera or its 
authorized distributors.  Please refer to the applicable 
agreement for further details.



+----------------------------------------------------------------------------------+
; Analysis & Synthesis Summary                                                     ;
+------------------------------------+---------------------------------------------+
; Analysis & Synthesis Status        ; Successful - Tue Oct 25 13:11:49 2022       ;
; Quartus Prime Version              ; 16.0.0 Build 211 04/27/2016 SJ Lite Edition ;
; Revision Name                      ; int_thunderbird                             ;
; Top-level Entity Name              ; int_thunderbird                             ;
; Family                             ; MAX 10                                      ;
; Total logic elements               ; 71                                          ;
;     Total combinational functions  ; 71                                          ;
;     Dedicated logic registers      ; 41                                          ;
; Total registers                    ; 41                                          ;
; Total pins                         ; 10                                          ;
; Total virtual pins                 ; 0                                           ;
; Total memory bits                  ; 0                                           ;
; Embedded Multiplier 9-bit elements ; 0                                           ;
; Total PLLs                         ; 0                                           ;
; UFM blocks                         ; 0                                           ;
; ADC blocks                         ; 0                                           ;
+------------------------------------+---------------------------------------------+


+----------------------------------------------------------------------------------------------------------------------+
; Analysis & Synthesis Settings                                                                                        ;
+----------------------------------------------------------------------------+--------------------+--------------------+
; Option                                                                     ; Setting            ; Default Value      ;
+----------------------------------------------------------------------------+--------------------+--------------------+
; Device                                                                     ; 10M08SAU169C8G     ;                    ;
; Top-level entity name                                                      ; int_thunderbird    ; int_thunderbird    ;
; Family name                                                                ; MAX 10             ; Cyclone V          ;
; Use smart compilation                                                      ; Off                ; Off                ;
; Enable parallel Assembler and TimeQuest Timing Analyzer during compilation ; On                 ; On                 ;
; Enable compact report table                                                ; Off                ; Off                ;
; Restructure Multiplexers                                                   ; Auto               ; Auto               ;
; Create Debugging Nodes for IP Cores                                        ; Off                ; Off                ;
; Preserve fewer node names                                                  ; On                 ; On                 ;
; Disable OpenCore Plus hardware evaluation                                  ; Off                ; Off                ;
; Verilog Version                                                            ; Verilog_2001       ; Verilog_2001       ;
; VHDL Version                                                               ; VHDL_1993          ; VHDL_1993          ;
; State Machine Processing                                                   ; Auto               ; Auto               ;
; Safe State Machine                                                         ; Off                ; Off                ;
; Extract Verilog State Machines                                             ; On                 ; On                 ;
; Extract VHDL State Machines                                                ; On                 ; On                 ;
; Ignore Verilog initial constructs                                          ; Off                ; Off                ;
; Iteration limit for constant Verilog loops                                 ; 5000               ; 5000               ;
; Iteration limit for non-constant Verilog loops                             ; 250                ; 250                ;
; Add Pass-Through Logic to Inferred RAMs                                    ; On                 ; On                 ;
; Infer RAMs from Raw Logic                                                  ; On                 ; On                 ;
; Parallel Synthesis                                                         ; On                 ; On                 ;
; DSP Block Balancing                                                        ; Auto               ; Auto               ;
; NOT Gate Push-Back                                                         ; On                 ; On                 ;
; Power-Up Don't Care                                                        ; On                 ; On                 ;
; Remove Redundant Logic Cells                                               ; Off                ; Off                ;
; Remove Duplicate Registers                                                 ; On                 ; On                 ;
; Ignore CARRY Buffers                                                       ; Off                ; Off                ;
; Ignore CASCADE Buffers                                                     ; Off                ; Off                ;
; Ignore GLOBAL Buffers                                                      ; Off                ; Off                ;
; Ignore ROW GLOBAL Buffers                                                  ; Off                ; Off                ;
; Ignore LCELL Buffers                                                       ; Off                ; Off                ;
; Ignore SOFT Buffers                                                        ; On                 ; On                 ;
; Limit AHDL Integers to 32 Bits                                             ; Off                ; Off                ;
; Optimization Technique                                                     ; Balanced           ; Balanced           ;
; Carry Chain Length                                                         ; 70                 ; 70                 ;
; Auto Carry Chains                                                          ; On                 ; On                 ;
; Auto Open-Drain Pins                                                       ; On                 ; On                 ;
; Perform WYSIWYG Primitive Resynthesis                                      ; Off                ; Off                ;
; Auto ROM Replacement                                                       ; On                 ; On                 ;
; Auto RAM Replacement                                                       ; On                 ; On                 ;
; Auto DSP Block Replacement                                                 ; On                 ; On                 ;
; Auto Shift Register Replacement                                            ; Auto               ; Auto               ;
; Allow Shift Register Merging across Hierarchies                            ; Auto               ; Auto               ;
; Auto Clock Enable Replacement                                              ; On                 ; On                 ;
; Strict RAM Replacement                                                     ; Off                ; Off                ;
; Allow Synchronous Control Signals                                          ; On                 ; On                 ;
; Force Use of Synchronous Clear Signals                                     ; Off                ; Off                ;
; Auto RAM Block Balancing                                                   ; On                 ; On                 ;
; Auto RAM to Logic Cell Conversion                                          ; Off                ; Off                ;
; Auto Resource Sharing                                                      ; Off                ; Off                ;
; Allow Any RAM Size For Recognition                                         ; Off                ; Off                ;
; Allow Any ROM Size For Recognition                                         ; Off                ; Off                ;
; Allow Any Shift Register Size For Recognition                              ; Off                ; Off                ;
; Use LogicLock Constraints during Resource Balancing                        ; On                 ; On                 ;
; Ignore translate_off and synthesis_off directives                          ; Off                ; Off                ;
; Timing-Driven Synthesis                                                    ; On                 ; On                 ;
; Report Parameter Settings                                                  ; On                 ; On                 ;
; Report Source Assignments                                                  ; On                 ; On                 ;
; Report Connectivity Checks                                                 ; On                 ; On                 ;
; Ignore Maximum Fan-Out Assignments                                         ; Off                ; Off                ;
; Synchronization Register Chain Length                                      ; 2                  ; 2                  ;
; PowerPlay Power Optimization During Synthesis                              ; Normal compilation ; Normal compilation ;
; HDL message level                                                          ; Level2             ; Level2             ;
; Suppress Register Optimization Related Messages                            ; Off                ; Off                ;
; Number of Removed Registers Reported in Synthesis Report                   ; 5000               ; 5000               ;
; Number of Swept Nodes Reported in Synthesis Report                         ; 5000               ; 5000               ;
; Number of Inverted Registers Reported in Synthesis Report                  ; 100                ; 100                ;
; Clock MUX Protection                                                       ; On                 ; On                 ;
; Auto Gated Clock Conversion                                                ; Off                ; Off                ;
; Block Design Naming                                                        ; Auto               ; Auto               ;
; SDC constraint protection                                                  ; Off                ; Off                ;
; Synthesis Effort                                                           ; Auto               ; Auto               ;
; Shift Register Replacement - Allow Asynchronous Clear Signal               ; On                 ; On                 ;
; Pre-Mapping Resynthesis Optimization                                       ; Off                ; Off                ;
; Analysis & Synthesis Message Level                                         ; Medium             ; Medium             ;
; Disable Register Merging Across Hierarchies                                ; Auto               ; Auto               ;
; Resource Aware Inference For Block RAM                                     ; On                 ; On                 ;
; Synthesis Seed                                                             ; 1                  ; 1                  ;
+----------------------------------------------------------------------------+--------------------+--------------------+


+------------------------------------------+
; Parallel Compilation                     ;
+----------------------------+-------------+
; Processors                 ; Number      ;
+----------------------------+-------------+
; Number detected on machine ; 8           ;
; Maximum allowed            ; 4           ;
;                            ;             ;
; Average used               ; 1.00        ;
; Maximum used               ; 4           ;
;                            ;             ;
; Usage by Processor         ; % Time Used ;
;     Processor 1            ; 100.0%      ;
;     Processors 2-4         ;   0.0%      ;
+----------------------------+-------------+


+-----------------------------------------------------------------------------------------------------------------------------------------------------------------------------------------------+
; Analysis & Synthesis Source Files Read                                                                                                                                                        ;
+----------------------------------+-----------------+-----------------+--------------------------------------------------------------------------------------------------------------+---------+
; File Name with User-Entered Path ; Used in Netlist ; File Type       ; File Name with Absolute Path                                                                                 ; Library ;
+----------------------------------+-----------------+-----------------+--------------------------------------------------------------------------------------------------------------+---------+
; ../hdl/int_thunderbird.vhd       ; yes             ; User VHDL File  ; C:/Users/Javier/Documents/Universidad/1_semestre/DD1/Laboratorio/A08/int_thunderbird/hdl/int_thunderbird.vhd ;         ;
+----------------------------------+-----------------+-----------------+--------------------------------------------------------------------------------------------------------------+---------+


+----------------------------------------------------------+
; Analysis & Synthesis Resource Usage Summary              ;
+---------------------------------------------+------------+
; Resource                                    ; Usage      ;
+---------------------------------------------+------------+
; Estimated Total logic elements              ; 71         ;
;                                             ;            ;
; Total combinational functions               ; 71         ;
; Logic element usage by number of LUT inputs ;            ;
;     -- 4 input functions                    ; 14         ;
;     -- 3 input functions                    ; 10         ;
;     -- <=2 input functions                  ; 47         ;
;                                             ;            ;
; Logic elements by mode                      ;            ;
;     -- normal mode                          ; 40         ;
;     -- arithmetic mode                      ; 31         ;
;                                             ;            ;
; Total registers                             ; 41         ;
;     -- Dedicated logic registers            ; 41         ;
;     -- I/O registers                        ; 0          ;
;                                             ;            ;
; I/O pins                                    ; 10         ;
;                                             ;            ;
; Embedded Multiplier 9-bit elements          ; 0          ;
;                                             ;            ;
; Maximum fan-out node                        ; nRst~input ;
; Maximum fan-out                             ; 41         ;
; Total fan-out                               ; 318        ;
; Average fan-out                             ; 2.41       ;
+---------------------------------------------+------------+


+-------------------------------------------------------------------------------------------------------------------------------------------------------------------------------------------------------------------------+
; Analysis & Synthesis Resource Utilization by Entity                                                                                                                                                                     ;
+----------------------------+-------------------+--------------+-------------+------------+--------------+---------+-----------+------+--------------+------------+---------------------+-----------------+--------------+
; Compilation Hierarchy Node ; LC Combinationals ; LC Registers ; Memory Bits ; UFM Blocks ; DSP Elements ; DSP 9x9 ; DSP 18x18 ; Pins ; Virtual Pins ; ADC blocks ; Full Hierarchy Name ; Entity Name     ; Library Name ;
+----------------------------+-------------------+--------------+-------------+------------+--------------+---------+-----------+------+--------------+------------+---------------------+-----------------+--------------+
; |int_thunderbird           ; 71 (71)           ; 41 (41)      ; 0           ; 0          ; 0            ; 0       ; 0         ; 10   ; 0            ; 0          ; |int_thunderbird    ; int_thunderbird ; work         ;
+----------------------------+-------------------+--------------+-------------+------------+--------------+---------+-----------+------+--------------+------------+---------------------+-----------------+--------------+
Note: For table entries with two numbers listed, the numbers in parentheses indicate the number of resources of the given type used by the specific entity alone. The numbers listed outside of parentheses indicate the total resources of the given type used by the specific entity and all of its sub-entities in the hierarchy.


Encoding Type:  One-Hot
+-----------------------------------------------------------------------------------------------------------------------------------------------+
; State Machine - |int_thunderbird|estado                                                                                                       ;
+----------------+---------------+---------------+---------------+-------------+---------------+---------------+---------------+----------------+
; Name           ; estado.dcha_3 ; estado.dcha_2 ; estado.dcha_1 ; estado.emer ; estado.izda_3 ; estado.izda_2 ; estado.izda_1 ; estado.inicial ;
+----------------+---------------+---------------+---------------+-------------+---------------+---------------+---------------+----------------+
; estado.inicial ; 0             ; 0             ; 0             ; 0           ; 0             ; 0             ; 0             ; 0              ;
; estado.izda_1  ; 0             ; 0             ; 0             ; 0           ; 0             ; 0             ; 1             ; 1              ;
; estado.izda_2  ; 0             ; 0             ; 0             ; 0           ; 0             ; 1             ; 0             ; 1              ;
; estado.izda_3  ; 0             ; 0             ; 0             ; 0           ; 1             ; 0             ; 0             ; 1              ;
; estado.emer    ; 0             ; 0             ; 0             ; 1           ; 0             ; 0             ; 0             ; 1              ;
; estado.dcha_1  ; 0             ; 0             ; 1             ; 0           ; 0             ; 0             ; 0             ; 1              ;
; estado.dcha_2  ; 0             ; 1             ; 0             ; 0           ; 0             ; 0             ; 0             ; 1              ;
; estado.dcha_3  ; 1             ; 0             ; 0             ; 0           ; 0             ; 0             ; 0             ; 1              ;
+----------------+---------------+---------------+---------------+-------------+---------------+---------------+---------------+----------------+


+------------------------------------------------------+
; General Register Statistics                          ;
+----------------------------------------------+-------+
; Statistic                                    ; Value ;
+----------------------------------------------+-------+
; Total registers                              ; 41    ;
; Number of registers using Synchronous Clear  ; 0     ;
; Number of registers using Synchronous Load   ; 0     ;
; Number of registers using Asynchronous Clear ; 40    ;
; Number of registers using Asynchronous Load  ; 0     ;
; Number of registers using Clock Enable       ; 1     ;
; Number of registers using Preset             ; 0     ;
+----------------------------------------------+-------+


+------------------------------------------------------------------------------------------------------------------------------------------+
; Multiplexer Restructuring Statistics (Restructuring Performed)                                                                           ;
+--------------------+-----------+---------------+----------------------+------------------------+------------+----------------------------+
; Multiplexer Inputs ; Bus Width ; Baseline Area ; Area if Restructured ; Saving if Restructured ; Registered ; Example Multiplexer Output ;
+--------------------+-----------+---------------+----------------------+------------------------+------------+----------------------------+
; 5:1                ; 3 bits    ; 9 LEs         ; 9 LEs                ; 0 LEs                  ; No         ; |int_thunderbird|estado    ;
+--------------------+-----------+---------------+----------------------+------------------------+------------+----------------------------+


+-----------------------------------------------------+
; Post-Synthesis Netlist Statistics for Top Partition ;
+-----------------------+-----------------------------+
; Type                  ; Count                       ;
+-----------------------+-----------------------------+
; boundary_port         ; 10                          ;
; cycloneiii_ff         ; 41                          ;
;     CLR               ; 40                          ;
;     ENA               ; 1                           ;
; cycloneiii_lcell_comb ; 75                          ;
;     arith             ; 31                          ;
;         2 data inputs ; 31                          ;
;     normal            ; 44                          ;
;         1 data inputs ; 5                           ;
;         2 data inputs ; 15                          ;
;         3 data inputs ; 10                          ;
;         4 data inputs ; 14                          ;
;                       ;                             ;
; Max LUT depth         ; 4.10                        ;
; Average LUT depth     ; 3.22                        ;
+-----------------------+-----------------------------+


+-------------------------------+
; Elapsed Time Per Partition    ;
+----------------+--------------+
; Partition Name ; Elapsed Time ;
+----------------+--------------+
; Top            ; 00:00:00     ;
+----------------+--------------+


+-------------------------------+
; Analysis & Synthesis Messages ;
+-------------------------------+
Info: *******************************************************************
Info: Running Quartus Prime Analysis & Synthesis
    Info: Version 16.0.0 Build 211 04/27/2016 SJ Lite Edition
    Info: Processing started: Tue Oct 25 13:11:42 2022
Info: Command: quartus_map --read_settings_files=on --write_settings_files=off int_thunderbird -c int_thunderbird
Warning (18236): Number of processors has not been specified which may cause overloading on shared machines.  Set the global assignment NUM_PARALLEL_PROCESSORS in your QSF to an appropriate value for best performance.
Info (20030): Parallel compilation is enabled and will use 4 of the 4 processors detected
Info (12021): Found 2 design units, including 1 entities, in source file /users/javier/documents/universidad/1_semestre/dd1/laboratorio/a08/int_thunderbird/hdl/int_thunderbird.vhd
    Info (12022): Found design unit 1: int_thunderbird-rtl File: C:/Users/Javier/Documents/Universidad/1_semestre/DD1/Laboratorio/A08/int_thunderbird/hdl/int_thunderbird.vhd Line: 27
    Info (12023): Found entity 1: int_thunderbird File: C:/Users/Javier/Documents/Universidad/1_semestre/DD1/Laboratorio/A08/int_thunderbird/hdl/int_thunderbird.vhd Line: 9
Info (12127): Elaborating entity "int_thunderbird" for the top level hierarchy
Info (286030): Timing-Driven Synthesis is running
Critical Warning (18061): Ignored Power-Up Level option on the following registers
    Critical Warning (18010): Register ticks[31] will power up to Low File: C:/Users/Javier/Documents/Universidad/1_semestre/DD1/Laboratorio/A08/int_thunderbird/hdl/int_thunderbird.vhd Line: 115
    Critical Warning (18010): Register ticks[0] will power up to Low File: C:/Users/Javier/Documents/Universidad/1_semestre/DD1/Laboratorio/A08/int_thunderbird/hdl/int_thunderbird.vhd Line: 115
Info (16010): Generating hard_block partition "hard_block:auto_generated_inst"
    Info (16011): Adding 0 node(s), including 0 DDIO, 0 PLL, 0 transceiver and 0 LCELL
Info (21057): Implemented 82 device resources after synthesis - the final resource count might be different
    Info (21058): Implemented 4 input pins
    Info (21059): Implemented 6 output pins
    Info (21061): Implemented 72 logic cells
Info: Quartus Prime Analysis & Synthesis was successful. 0 errors, 4 warnings
    Info: Peak virtual memory: 5000 megabytes
    Info: Processing ended: Tue Oct 25 13:11:49 2022
    Info: Elapsed time: 00:00:07
    Info: Total CPU time (on all processors): 00:00:15


